build/app/intermediates/manifest_merge_blame_file/debug/manifest-merger-blame-debug-report.txt
1<?xml version="1.0" encoding="utf-8"?>
2<manifest xmlns:android="http://schemas.android.com/apk/res/android"
3    package="com.example.dapp"
4    android:versionCode="1"
5    android:versionName="1.0.0" >
6
7    <uses-sdk
8        android:minSdkVersion="16"
9        android:targetSdkVersion="30" />
10    <!--
11         Flutter needs it to communicate with the running application
12         to allow setting breakpoints, to provide hot reload, etc.
13    -->
14    <uses-permission android:name="android.permission.INTERNET" />
14-->src/main/AndroidManifest.xml:4:5-67
14-->src/main/AndroidManifest.xml:4:22-64
15    <uses-permission android:name="android.permission.CAMERA" />
15-->[:flutter_barcode_scanner] AndroidManifest.xml:9:5-65
15-->[:flutter_barcode_scanner] AndroidManifest.xml:9:22-62
16
17    <uses-feature android:name="android.hardware.camera" />
17-->[:flutter_barcode_scanner] AndroidManifest.xml:11:5-60
17-->[:flutter_barcode_scanner] AndroidManifest.xml:11:19-57
18
19    <uses-permission android:name="android.permission.FLASHLIGHT" /> <!-- This Line -->
19-->[:flutter_barcode_scanner] AndroidManifest.xml:13:5-69
19-->[:flutter_barcode_scanner] AndroidManifest.xml:13:22-66
20    <application
20-->src/main/AndroidManifest.xml:5:5-43:19
21        android:appComponentFactory="androidx.core.app.CoreComponentFactory"
21-->[androidx.core:core:1.6.0] AndroidManifest.xml:24:18-86
22        android:debuggable="true"
23        android:icon="@mipmap/ic_launcher"
23-->src/main/AndroidManifest.xml:8:9-43
24        android:label="dsc_dapp"
24-->src/main/AndroidManifest.xml:6:9-33
25        android:largeHeap="true"
25-->[:flutter_barcode_scanner] AndroidManifest.xml:16:9-33
26        android:theme="@style/Theme.AppCompat.NoActionBar"
26-->[:flutter_barcode_scanner] AndroidManifest.xml:17:9-59
27        android:usesCleartextTraffic="true" >
27-->src/main/AndroidManifest.xml:7:9-44
28        <activity
28-->src/main/AndroidManifest.xml:9:9-37:20
29            android:name="com.example.dapp.MainActivity"
29-->src/main/AndroidManifest.xml:10:13-41
30            android:configChanges="orientation|keyboardHidden|keyboard|screenSize|smallestScreenSize|locale|layoutDirection|fontScale|screenLayout|density|uiMode"
30-->src/main/AndroidManifest.xml:13:13-163
31            android:hardwareAccelerated="true"
31-->src/main/AndroidManifest.xml:14:13-47
32            android:launchMode="singleTop"
32-->src/main/AndroidManifest.xml:11:13-43
33            android:theme="@style/LaunchTheme"
33-->src/main/AndroidManifest.xml:12:13-47
34            android:windowSoftInputMode="adjustResize" >
34-->src/main/AndroidManifest.xml:15:13-55
35
36            <!--
37                 Specifies an Android theme to apply to this Activity as soon as
38                 the Android process has started. This theme is visible to the user
39                 while the Flutter UI initializes. After that, this theme continues
40                 to determine the Window background behind the Flutter UI.
41            -->
42            <meta-data
42-->src/main/AndroidManifest.xml:20:13-23:17
43                android:name="io.flutter.embedding.android.NormalTheme"
43-->src/main/AndroidManifest.xml:21:15-70
44                android:resource="@style/NormalTheme" />
44-->src/main/AndroidManifest.xml:22:15-52
45            <!--
46                 Displays an Android View that continues showing the launch screen
47                 Drawable until Flutter paints its first frame, then this splash
48                 screen fades out. A splash screen is useful to avoid any visual
49                 gap between the end of Android's launch screen and the painting of
50                 Flutter's first frame.
51            -->
52            <meta-data
52-->src/main/AndroidManifest.xml:29:13-32:17
53                android:name="io.flutter.embedding.android.SplashScreenDrawable"
53-->src/main/AndroidManifest.xml:30:15-79
54                android:resource="@drawable/launch_background" />
54-->src/main/AndroidManifest.xml:31:15-61
55
56            <intent-filter>
56-->src/main/AndroidManifest.xml:33:13-36:29
57                <action android:name="android.intent.action.MAIN" />
57-->src/main/AndroidManifest.xml:34:17-68
57-->src/main/AndroidManifest.xml:34:25-66
58
59                <category android:name="android.intent.category.LAUNCHER" />
59-->src/main/AndroidManifest.xml:35:17-76
59-->src/main/AndroidManifest.xml:35:27-74
60            </intent-filter>
61        </activity>
62        <!--
63             Don't delete the meta-data below.
64             This is used by the Flutter tool to generate GeneratedPluginRegistrant.java
65        -->
66        <meta-data
66-->src/main/AndroidManifest.xml:40:9-42:33
67            android:name="flutterEmbedding"
67-->src/main/AndroidManifest.xml:41:13-44
68            android:value="2" />
68-->src/main/AndroidManifest.xml:42:13-30
69
70        <activity android:name="com.amolg.flutterbarcodescanner.BarcodeCaptureActivity" />
70-->[:flutter_barcode_scanner] AndroidManifest.xml:18:9-91
70-->[:flutter_barcode_scanner] AndroidManifest.xml:18:19-88
71
72        <uses-library
72-->[androidx.window:window:1.0.0-beta04] AndroidManifest.xml:25:9-27:40
73            android:name="androidx.window.extensions"
73-->[androidx.window:window:1.0.0-beta04] AndroidManifest.xml:26:13-54
74            android:required="false" />
74-->[androidx.window:window:1.0.0-beta04] AndroidManifest.xml:27:13-37
75        <uses-library
75-->[androidx.window:window:1.0.0-beta04] AndroidManifest.xml:28:9-30:40
76            android:name="androidx.window.sidecar"
76-->[androidx.window:window:1.0.0-beta04] AndroidManifest.xml:29:13-51
77            android:required="false" />
77-->[androidx.window:window:1.0.0-beta04] AndroidManifest.xml:30:13-37
78
79        <activity
79-->[com.google.android.gms:play-services-base:17.0.0] AndroidManifest.xml:23:9-26:75
80            android:name="com.google.android.gms.common.api.GoogleApiActivity"
80-->[com.google.android.gms:play-services-base:17.0.0] AndroidManifest.xml:24:13-79
81            android:exported="false"
81-->[com.google.android.gms:play-services-base:17.0.0] AndroidManifest.xml:25:13-37
82            android:theme="@android:style/Theme.Translucent.NoTitleBar" />
82-->[com.google.android.gms:play-services-base:17.0.0] AndroidManifest.xml:26:13-72
83
84        <meta-data
84-->[com.google.android.gms:play-services-basement:17.0.0] AndroidManifest.xml:23:9-25:69
85            android:name="com.google.android.gms.version"
85-->[com.google.android.gms:play-services-basement:17.0.0] AndroidManifest.xml:24:13-58
86            android:value="@integer/google_play_services_version" />
86-->[com.google.android.gms:play-services-basement:17.0.0] AndroidManifest.xml:25:13-66
87    </application>
88
89</manifest>